# JRE version: Java(TM) SE Runtime Environment (8.0_231-b11) (build 1.8.0_231-b11)
# Java VM: Java HotSpot(TM) 64-Bit Server VM (25.231-b11 mixed mode windows-amd64 compressed oops)
Heap:
 PSYoungGen      total 517120K, used 281564K [0x00000000d6000000, 0x00000000f9e80000, 0x0000000100000000)
  eden space 448512K, 62% used [0x00000000d6000000,0x00000000e72f7360,0x00000000f1600000)
  from space 68608K, 0% used [0x00000000f5780000,0x00000000f5780000,0x00000000f9a80000)
  to   space 67072K, 0% used [0x00000000f1600000,0x00000000f1600000,0x00000000f5780000)
 ParOldGen       total 155136K, used 23597K [0x0000000082000000, 0x000000008b780000, 0x00000000d6000000)
  object space 155136K, 15% used [0x0000000082000000,0x000000008370b758,0x000000008b780000)
 Metaspace       used 63064K, capacity 64576K, committed 64872K, reserved 1105920K
  class space    used 7394K, capacity 7694K, committed 7808K, reserved 1048576K
GC Heap History (10 events):
Event: 4.776 GC heap before
{Heap before GC invocations=12 (full 2):
 PSYoungGen      total 354816K, used 22016K [0x00000000d6000000, 0x00000000f3800000, 0x0000000100000000)
  eden space 332288K, 0% used [0x00000000d6000000,0x00000000d6000000,0x00000000ea480000)
  from space 22528K, 97% used [0x00000000f2200000,0x00000000f3780188,0x00000000f3800000)
  to   space 71168K, 0% used [0x00000000ead00000,0x00000000ead00000,0x00000000ef280000)
 ParOldGen       total 157696K, used 86486K [0x0000000082000000, 0x000000008ba00000, 0x00000000d6000000)
  object space 157696K, 54% used [0x0000000082000000,0x0000000087475ac0,0x000000008ba00000)
 Metaspace       used 24589K, capacity 25076K, committed 25176K, reserved 1071104K
  class space    used 2891K, capacity 3010K, committed 3072K, reserved 1048576K
Event: 4.845 GC heap after
Heap after GC invocations=12 (full 2):
 PSYoungGen      total 354816K, used 0K [0x00000000d6000000, 0x00000000f3800000, 0x0000000100000000)
  eden space 332288K, 0% used [0x00000000d6000000,0x00000000d6000000,0x00000000ea480000)
  from space 22528K, 0% used [0x00000000f2200000,0x00000000f2200000,0x00000000f3800000)
  to   space 71168K, 0% used [0x00000000ead00000,0x00000000ead00000,0x00000000ef280000)
 ParOldGen       total 129024K, used 41424K [0x0000000082000000, 0x0000000089e00000, 0x00000000d6000000)
  object space 129024K, 32% used [0x0000000082000000,0x0000000084874280,0x0000000089e00000)
 Metaspace       used 24589K, capacity 25076K, committed 25176K, reserved 1071104K
  class space    used 2891K, capacity 3010K, committed 3072K, reserved 1048576K
}
Event: 6.822 GC heap before
{Heap before GC invocations=13 (full 2):
 PSYoungGen      total 354816K, used 152113K [0x00000000d6000000, 0x00000000f3800000, 0x0000000100000000)
  eden space 332288K, 45% used [0x00000000d6000000,0x00000000df48c7b0,0x00000000ea480000)
  from space 22528K, 0% used [0x00000000f2200000,0x00000000f2200000,0x00000000f3800000)
  to   space 71168K, 0% used [0x00000000ead00000,0x00000000ead00000,0x00000000ef280000)
 ParOldGen       total 129024K, used 41424K [0x0000000082000000, 0x0000000089e00000, 0x00000000d6000000)
  object space 129024K, 32% used [0x0000000082000000,0x0000000084874280,0x0000000089e00000)
 Metaspace       used 40960K, capacity 41662K, committed 41960K, reserved 1085440K
  class space    used 5105K, capacity 5305K, committed 5376K, reserved 1048576K
Event: 6.839 GC heap after
Heap after GC invocations=13 (full 2):
 PSYoungGen      total 412160K, used 17789K [0x00000000d6000000, 0x00000000f9a80000, 0x0000000100000000)
  eden space 340992K, 0% used [0x00000000d6000000,0x00000000d6000000,0x00000000ead00000)
  from space 71168K, 24% used [0x00000000ead00000,0x00000000ebe5f5c0,0x00000000ef280000)
  to   space 68608K, 0% used [0x00000000f5780000,0x00000000f5780000,0x00000000f9a80000)
 ParOldGen       total 129024K, used 41432K [0x0000000082000000, 0x0000000089e00000, 0x00000000d6000000)
  object space 129024K, 32% used [0x0000000082000000,0x0000000084876280,0x0000000089e00000)
 Metaspace       used 40960K, capacity 41662K, committed 41960K, reserved 1085440K
  class space    used 5105K, capacity 5305K, committed 5376K, reserved 1048576K
}
Event: 6.839 GC heap before
{Heap before GC invocations=14 (full 3):
 PSYoungGen      total 412160K, used 17789K [0x00000000d6000000, 0x00000000f9a80000, 0x0000000100000000)
  eden space 340992K, 0% used [0x00000000d6000000,0x00000000d6000000,0x00000000ead00000)
  from space 71168K, 24% used [0x00000000ead00000,0x00000000ebe5f5c0,0x00000000ef280000)
  to   space 68608K, 0% used [0x00000000f5780000,0x00000000f5780000,0x00000000f9a80000)
 ParOldGen       total 129024K, used 41432K [0x0000000082000000, 0x0000000089e00000, 0x00000000d6000000)
  object space 129024K, 32% used [0x0000000082000000,0x0000000084876280,0x0000000089e00000)
 Metaspace       used 40960K, capacity 41662K, committed 41960K, reserved 1085440K
  class space    used 5105K, capacity 5305K, committed 5376K, reserved 1048576K
Event: 6.984 GC heap after
Heap after GC invocations=14 (full 3):
 PSYoungGen      total 412160K, used 0K [0x00000000d6000000, 0x00000000f9a80000, 0x0000000100000000)
  eden space 340992K, 0% used [0x00000000d6000000,0x00000000d6000000,0x00000000ead00000)
  from space 71168K, 0% used [0x00000000ead00000,0x00000000ead00000,0x00000000ef280000)
  to   space 68608K, 0% used [0x00000000f5780000,0x00000000f5780000,0x00000000f9a80000)
 ParOldGen       total 155136K, used 51549K [0x0000000082000000, 0x000000008b780000, 0x00000000d6000000)
  object space 155136K, 33% used [0x0000000082000000,0x00000000852575e8,0x000000008b780000)
 Metaspace       used 40960K, capacity 41662K, committed 41960K, reserved 1085440K
  class space    used 5105K, capacity 5305K, committed 5376K, reserved 1048576K
}
Event: 8.304 GC heap before
{Heap before GC invocations=15 (full 3):
 PSYoungGen      total 412160K, used 102253K [0x00000000d6000000, 0x00000000f9a80000, 0x0000000100000000)
  eden space 340992K, 29% used [0x00000000d6000000,0x00000000dc3db438,0x00000000ead00000)
  from space 71168K, 0% used [0x00000000ead00000,0x00000000ead00000,0x00000000ef280000)
  to   space 68608K, 0% used [0x00000000f5780000,0x00000000f5780000,0x00000000f9a80000)
 ParOldGen       total 155136K, used 51549K [0x0000000082000000, 0x000000008b780000, 0x00000000d6000000)
  object space 155136K, 33% used [0x0000000082000000,0x00000000852575e8,0x000000008b780000)
 Metaspace       used 50882K, capacity 51862K, committed 52200K, reserved 1095680K
  class space    used 6396K, capacity 6627K, committed 6656K, reserved 1048576K
Event: 8.314 GC heap after
Heap after GC invocations=15 (full 3):
 PSYoungGen      total 517120K, used 11852K [0x00000000d6000000, 0x00000000f9e80000, 0x0000000100000000)
  eden space 448512K, 0% used [0x00000000d6000000,0x00000000d6000000,0x00000000f1600000)
  from space 68608K, 17% used [0x00000000f5780000,0x00000000f63131f8,0x00000000f9a80000)
  to   space 67072K, 0% used [0x00000000f1600000,0x00000000f1600000,0x00000000f5780000)
 ParOldGen       total 155136K, used 51557K [0x0000000082000000, 0x000000008b780000, 0x00000000d6000000)
  object space 155136K, 33% used [0x0000000082000000,0x00000000852595e8,0x000000008b780000)
 Metaspace       used 50882K, capacity 51862K, committed 52200K, reserved 1095680K
  class space    used 6396K, capacity 6627K, committed 6656K, reserved 1048576K
}
Event: 8.314 GC heap before
{Heap before GC invocations=16 (full 4):
 PSYoungGen      total 517120K, used 11852K [0x00000000d6000000, 0x00000000f9e80000, 0x0000000100000000)
  eden space 448512K, 0% used [0x00000000d6000000,0x00000000d6000000,0x00000000f1600000)
  from space 68608K, 17% used [0x00000000f5780000,0x00000000f63131f8,0x00000000f9a80000)
  to   space 67072K, 0% used [0x00000000f1600000,0x00000000f1600000,0x00000000f5780000)
 ParOldGen       total 155136K, used 51557K [0x0000000082000000, 0x000000008b780000, 0x00000000d6000000)
  object space 155136K, 33% used [0x0000000082000000,0x00000000852595e8,0x000000008b780000)
 Metaspace       used 50882K, capacity 51862K, committed 52200K, reserved 1095680K
  class space    used 6396K, capacity 6627K, committed 6656K, reserved 1048576K
Event: 8.416 GC heap after
Heap after GC invocations=16 (full 4):
 PSYoungGen      total 517120K, used 0K [0x00000000d6000000, 0x00000000f9e80000, 0x0000000100000000)
  eden space 448512K, 0% used [0x00000000d6000000,0x00000000d6000000,0x00000000f1600000)
  from space 68608K, 0% used [0x00000000f5780000,0x00000000f5780000,0x00000000f9a80000)
  to   space 67072K, 0% used [0x00000000f1600000,0x00000000f1600000,0x00000000f5780000)
 ParOldGen       total 155136K, used 23597K [0x0000000082000000, 0x000000008b780000, 0x00000000d6000000)
  object space 155136K, 15% used [0x0000000082000000,0x000000008370b758,0x000000008b780000)
 Metaspace       used 50882K, capacity 51862K, committed 52200K, reserved 1095680K
  class space    used 6396K, capacity 6627K, committed 6656K, reserved 1048576K
}

